------------
Harp v0.20.1 – Chloi Inc. 2012–2015
Your server is listening at http://localhost:9000/
Press Ctl+C to stop the server
------------
Transformers.markdown is deprecated, you must replace the :markdown jade filter, with :marked and install jstransformer-marked before you update to jade@2.0.0.
------------
Harp v0.20.1 – Chloi Inc. 2012–2015
Your server is listening at http://localhost:9000/
Press Ctl+C to stop the server
------------
Transformers.markdown is deprecated, you must replace the :markdown jade filter, with :marked and install jstransformer-marked before you update to jade@2.0.0.
------------
Harp v0.20.1 – Chloi Inc. 2012–2015
Your server is listening at http://localhost:9000/
Press Ctl+C to stop the server
------------
Transformers.markdown is deprecated, you must replace the :markdown jade filter, with :marked and install jstransformer-marked before you update to jade@2.0.0.
------------
Harp v0.20.1 – Chloi Inc. 2012–2015
Your server is listening at http://localhost:9000/
Press Ctl+C to stop the server
------------
Transformers.markdown is deprecated, you must replace the :markdown jade filter, with :marked and install jstransformer-marked before you update to jade@2.0.0.
------------
Harp v0.20.1 – Chloi Inc. 2012–2015
Your server is listening at http://localhost:9000/
Press Ctl+C to stop the server
------------
------------
Harp v0.20.1 – Chloi Inc. 2012–2015
Your server is listening at http://localhost:9000/
Press Ctl+C to stop the server
------------
------------
Harp v0.20.1 – Chloi Inc. 2012–2015
Your server is listening at http://localhost:9000/
Press Ctl+C to stop the server
------------
------------
Harp v0.20.1 – Chloi Inc. 2012–2015
Your server is listening at http://localhost:9000/
Press Ctl+C to stop the server
------------
Transformers.markdown is deprecated, you must replace the :markdown jade filter, with :marked and install jstransformer-marked before you update to jade@2.0.0.
------------
Harp v0.20.1 – Chloi Inc. 2012–2015
Your server is listening at http://localhost:9000/
Press Ctl+C to stop the server
------------
Transformers.markdown is deprecated, you must replace the :markdown jade filter, with :marked and install jstransformer-marked before you update to jade@2.0.0.
------------
Harp v0.20.1 – Chloi Inc. 2012–2015
Your server is listening at http://localhost:9000/
Press Ctl+C to stop the server
------------
Transformers.markdown is deprecated, you must replace the :markdown jade filter, with :marked and install jstransformer-marked before you update to jade@2.0.0.
Warning: space required after `:` on line 9 of jade file "/home/ruioliveiras/dashboard/source.ruioliveiras.bitbucket.org/posts/scala-tutorial-base.jade"
------------
Harp v0.20.1 – Chloi Inc. 2012–2015
Your server is listening at http://localhost:9000/
Press Ctl+C to stop the server
------------
Transformers.markdown is deprecated, you must replace the :markdown jade filter, with :marked and install jstransformer-marked before you update to jade@2.0.0.
